[Debug] [2023-10-08 09:40:13] 加载网络配置文件开始load_config
[Debug] [2023-10-08 09:40:13] 创建或更新配置文件开始auto_config
[Debug] [2023-10-08 09:40:13] 获取本地 IP 地址开始get_local_ip
[Info] [2023-10-08 09:40:13] 获取本地所有网络接口地址成功
[Info] [2023-10-08 09:40:13] 网络地址转换为字符串格式成功
[Info] [2023-10-08 09:40:13] 网络地址转换为字符串格式成功
[Debug] [2023-10-08 09:40:13] 获取本地 IP 地址结束get_local_ip
[Debug] [2023-10-08 09:40:13] 获取一个可用的端口号开始get_free_port
[Info] [2023-10-08 09:40:13] 创建socket成功
[Info] [2023-10-08 09:40:13] 绑定地址成功
[Info] [2023-10-08 09:40:13] 获取端口号成功
[Debug] [2023-10-08 09:40:13] 将 IP 和端口号写入文件开始write_config
[Info] [2023-10-08 09:40:13] 将 IP 和端口号写入文件成功
[Debug] [2023-10-08 09:40:13] 将 IP 和端口号写入文件结束write_config
[Info] [2023-10-08 09:40:13] 自动配置成功
[Debug] [2023-10-08 09:40:13] 创建或更新配置文件结束auto_config
[Debug] [2023-10-08 09:40:13] 加载网络配置文件开始load_config
[Error] [2023-10-08 09:40:13] 自动创建文件失败.

[Debug] [2023-10-08 09:46:42] 加载网络配置文件开始load_config
[Debug] [2023-10-08 09:46:42] 创建或更新配置文件开始auto_config
[Debug] [2023-10-08 09:46:42] 获取本地 IP 地址开始get_local_ip
[Info] [2023-10-08 09:46:42] 获取本地所有网络接口地址成功
[Info] [2023-10-08 09:46:42] 网络地址转换为字符串格式成功
[Info] [2023-10-08 09:46:42] 网络地址转换为字符串格式成功
[Debug] [2023-10-08 09:46:42] 获取本地 IP 地址结束get_local_ip
[Debug] [2023-10-08 09:46:42] 获取一个可用的端口号开始get_free_port
[Info] [2023-10-08 09:46:42] 创建socket成功
[Info] [2023-10-08 09:46:42] 绑定地址成功
[Info] [2023-10-08 09:46:42] 获取端口号成功
[Debug] [2023-10-08 09:46:42] 将 IP 和端口号写入文件开始write_config
[Info] [2023-10-08 09:46:42] 将 IP 和端口号写入文件成功
[Debug] [2023-10-08 09:46:42] 将 IP 和端口号写入文件结束write_config
[Info] [2023-10-08 09:46:42] 自动配置成功
[Debug] [2023-10-08 09:46:42] 创建或更新配置文件结束auto_config
[Debug] [2023-10-08 09:46:42] 加载网络配置文件开始load_config
[Debug] [2023-10-08 09:46:42] 加载网络配置文件结束load_config
[Debug] [2023-10-08 09:46:42] 自动创建网络配置文件成功.

[Debug] [2023-10-08 09:46:42] 初始化网络开始
[Info] [2023-10-08 09:46:42] 成功创建socket
[Info] [2023-10-08 09:46:42] 成功识别IP
[Error] [2023-10-08 09:46:42] 无法链接到IP: 192.168.8.150 和端口: 51777. 错误原因: Connection refused
[Debug] [2023-10-08 09:49:37] 加载网络配置文件开始load_config
[Debug] [2023-10-08 09:49:37] 加载网络配置文件结束load_config
[Debug] [2023-10-08 09:49:37] 初始化网络开始
[Info] [2023-10-08 09:49:37] 成功创建socket
[Info] [2023-10-08 09:49:37] 成功识别IP
[Error] [2023-10-08 09:49:37] 无法链接到IP: 192.168.8.150 和端口: 51777. 错误原因: Connection refused
[Debug] [2023-10-08 09:55:31] 加载网络配置文件开始load_config
[Debug] [2023-10-08 09:55:31] 加载网络配置文件结束load_config
[Debug] [2023-10-08 09:55:31] 初始化网络开始
[Info] [2023-10-08 09:55:31] 成功创建socket
[Info] [2023-10-08 09:55:31] 成功识别IP
[Error] [2023-10-08 09:55:31] 无法链接到IP: 192.168.8.150 和端口: 51777. 错误原因: Connection refused
[Debug] [2023-10-08 09:58:38] 加载网络配置文件开始load_config
[Debug] [2023-10-08 09:58:38] 加载网络配置文件结束load_config
[Debug] [2023-10-08 09:58:38] 初始化网络开始
[Info] [2023-10-08 09:58:38] 成功创建socket
[Info] [2023-10-08 09:58:38] 成功识别IP
[Error] [2023-10-08 09:58:38] 无法链接到IP: 192.168.8.150 和端口: 51777. 错误原因: Connection refused
[Debug] [2023-10-08 10:00:55] 加载网络配置文件开始load_config
[Debug] [2023-10-08 10:00:55] 加载网络配置文件结束load_config
[Debug] [2023-10-08 10:00:55] 初始化网络开始
[Info] [2023-10-08 10:00:55] 成功创建socket
[Info] [2023-10-08 10:00:55] 成功识别IP
[Error] [2023-10-08 10:00:55] 无法链接到IP: 192.168.8.150 和端口: 51777. 错误原因: Connection refused
[Debug] [2023-10-08 10:13:10] 加载网络配置文件开始load_config
[Debug] [2023-10-08 10:13:10] 加载网络配置文件结束load_config
[Debug] [2023-10-08 10:13:10] 初始化网络开始
[Info] [2023-10-08 10:13:10] 成功创建socket
[Info] [2023-10-08 10:13:10] 成功识别IP
[Error] [2023-10-08 10:13:10] 无法链接到IP: 192.168.8.150 和端口: 51777. 错误原因: Connection refused
[Debug] [2023-10-08 10:20:16] 加载网络配置文件开始load_config
[Debug] [2023-10-08 10:20:16] 加载网络配置文件结束load_config
[Debug] [2023-10-08 10:20:16] 初始化网络开始
[Info] [2023-10-08 10:20:16] 成功创建socket
[Info] [2023-10-08 10:20:16] 成功识别IP
[Error] [2023-10-08 10:20:16] 无法链接到IP: 192.168.8.150 和端口: 51777. 错误原因: Connection refused
[Debug] [2023-10-08 10:20:23] 加载网络配置文件开始load_config
[Debug] [2023-10-08 10:20:23] 加载网络配置文件结束load_config
[Debug] [2023-10-08 10:20:23] 初始化网络开始
[Info] [2023-10-08 10:20:23] 成功创建socket
[Info] [2023-10-08 10:20:23] 成功识别IP
[Error] [2023-10-08 10:20:23] 无法链接到IP: 192.168.8.150 和端口: 51777. 错误原因: Connection refused
