[Debug] [2023-09-28 18:29:15] 加载网络配置文件开始load_config
[Debug] [2023-09-28 18:29:15] 加载网络配置文件结束load_config
[Debug] [2023-09-28 18:31:08] 加载网络配置文件开始load_config
[Debug] [2023-09-28 18:31:08] 加载网络配置文件结束load_config
[Debug] [2023-09-28 18:32:29] 加载网络配置文件开始load_config
[Debug] [2023-09-28 18:32:29] 创建或更新配置文件开始auto_config
[Debug] [2023-09-28 18:32:29] 获取本地 IP 地址开始get_local_ip
[Info] [2023-09-28 18:32:29] 获取本地所有网络接口地址成功
[Info] [2023-09-28 18:32:29] 网络地址转换为字符串格式成功
[Info] [2023-09-28 18:32:29] 网络地址转换为字符串格式成功
[Debug] [2023-09-28 18:32:29] 获取本地 IP 地址结束get_local_ip
[Debug] [2023-09-28 18:32:29] 获取一个可用的端口号开始get_free_port
[Info] [2023-09-28 18:32:29] 创建socket成功
[Info] [2023-09-28 18:32:29] 绑定地址成功
[Info] [2023-09-28 18:32:29] 获取端口号成功
[Debug] [2023-09-28 18:32:29] 将 IP 和端口号写入文件开始write_config
[Info] [2023-09-28 18:32:29] 将 IP 和端口号写入文件成功
[Debug] [2023-09-28 18:32:29] 将 IP 和端口号写入文件结束write_config
[Info] [2023-09-28 18:32:29] 自动配置成功
[Debug] [2023-09-28 18:32:29] 创建或更新配置文件结束auto_config
[Debug] [2023-09-28 18:32:29] 加载网络配置文件开始load_config
[Debug] [2023-09-28 18:32:29] 加载网络配置文件结束load_config
[Debug] [2023-09-28 18:37:47] 初始化用户表开始setup_user_database
[Info] [2023-09-28 18:37:47] 成功打开数据库
[Info] [2023-09-28 18:37:47] 打开数据库成功
[Info] [2023-09-28 18:37:47] SQL命令执行成功
[Info] [2023-09-28 18:37:47] 创建用户表成功
[Info] [2023-09-28 18:37:47] 盐值成功
[Info] [2023-09-28 18:37:47] 管理员用户已存在，跳过创建管理员用户.
[Debug] [2023-09-28 18:37:47] 初始化用户表结束setup_user_database
[Info] [2023-09-28 18:37:47] 数据库关闭成功
[Debug] [2023-09-28 18:37:47] 用户删除开始delete_user
[Info] [2023-09-28 18:37:47] 打开数据库成功
[Info] [2023-09-28 18:37:47] 准备SQL成功
[Debug] [2023-09-28 18:37:47] 用户删除结束delete_user
[Debug] [2023-09-28 18:37:47] 用户注册开始register_user
[Info] [2023-09-28 18:37:47] 数据输入有效
[Info] [2023-09-28 18:37:47] 成功打开数据库
[Info] [2023-09-28 18:37:47] 初始化数据库有效
[Info] [2023-09-28 18:37:47] 准备SQL语句成功
[Info] [2023-09-28 18:37:47] 准备SQL语句成功
[Debug] [2023-09-28 18:37:47] 密码哈希和盐生成开始hash_password
[Info] [2023-09-28 18:37:47] 生成盐值成功bcrypt_gensalt
[Info] [2023-09-28 18:37:47] 生成哈希密码成功bcrypt_hashpw
[Debug] [2023-09-28 18:37:47] 密码哈希和盐生成结束hash_password
[Info] [2023-09-28 18:37:47] 哈希密码成功
[Info] [2023-09-28 18:37:47] SQL命令执行成功
[Info] [2023-09-28 18:37:47] 插入新用户成功
[Debug] [2023-09-28 18:37:47] 用户注册结束register_user
[Info] [2023-09-28 18:37:47] 数据库关闭成功
[Debug] [2023-09-28 18:37:47] 用户登录开始login_user
[Info] [2023-09-28 18:37:47] 数据输入有效
[Info] [2023-09-28 18:37:47] 成功打开数据库
[Info] [2023-09-28 18:37:47] 初始化数据库有效
[Info] [2023-09-28 18:37:47] 准备SQL语句成功
[Info] [2023-09-28 18:37:47] 密码正确
[Info] [2023-09-28 18:37:47] 用户登录成功，欢迎回来
[Info] [2023-09-28 18:37:47] 数据库关闭成功
[Info] [2023-09-28 18:37:47] 登录成功
[Debug] [2023-09-28 18:37:47] 用户登录结束login_user
